app/build/intermediates/manifest_merge_blame_file/debug/manifest-merger-blame-debug-report.txt
1<?xml version="1.0" encoding="utf-8"?>
2<manifest xmlns:android="http://schemas.android.com/apk/res/android"
3    package="com.playMatch"
4    android:versionCode="1"
5    android:versionName="1.0" >
6
7    <uses-sdk
8        android:minSdkVersion="24"
8-->src\main\AndroidManifest.xml
9        android:targetSdkVersion="33" />
9-->src\main\AndroidManifest.xml
10
11    <application
11-->src\main\AndroidManifest.xml:5:5-99:19
12        android:allowBackup="true"
12-->src\main\AndroidManifest.xml:6:9-35
13        android:appComponentFactory="androidx.core.app.CoreComponentFactory"
13-->[androidx.core:core:1.8.0] AndroidManifest.xml:24:18-86
14        android:dataExtractionRules="@xml/data_extraction_rules"
14-->src\main\AndroidManifest.xml:7:9-65
15        android:debuggable="true"
16        android:extractNativeLibs="false"
17        android:fullBackupContent="@xml/backup_rules"
17-->src\main\AndroidManifest.xml:8:9-54
18        android:hardwareAccelerated="true"
18-->src\main\AndroidManifest.xml:9:9-43
19        android:icon="@mipmap/ic_launcher"
19-->src\main\AndroidManifest.xml:10:9-43
20        android:label="@string/app_name"
20-->src\main\AndroidManifest.xml:11:9-41
21        android:roundIcon="@mipmap/ic_launcher_round"
21-->src\main\AndroidManifest.xml:12:9-54
22        android:supportsRtl="true"
22-->src\main\AndroidManifest.xml:13:9-35
23        android:testOnly="true"
24        android:theme="@style/Theme.PlayMatch" >
24-->src\main\AndroidManifest.xml:14:9-47
25        <activity
25-->src\main\AndroidManifest.xml:16:9-22:20
26            android:name="com.playMatch.ui.home.activity.NotificationActivity"
26-->src\main\AndroidManifest.xml:17:13-66
27            android:exported="false" >
27-->src\main\AndroidManifest.xml:18:13-37
28            <meta-data
28-->src\main\AndroidManifest.xml:19:13-21:36
29                android:name="android.app.lib_name"
29-->src\main\AndroidManifest.xml:20:17-52
30                android:value="" />
30-->src\main\AndroidManifest.xml:21:17-33
31        </activity>
32        <activity
32-->src\main\AndroidManifest.xml:23:9-29:20
33            android:name="com.playMatch.ui.home.activity.HomeActivity"
33-->src\main\AndroidManifest.xml:24:13-58
34            android:exported="false" >
34-->src\main\AndroidManifest.xml:25:13-37
35            <meta-data
35-->src\main\AndroidManifest.xml:19:13-21:36
36                android:name="android.app.lib_name"
36-->src\main\AndroidManifest.xml:20:17-52
37                android:value="" />
37-->src\main\AndroidManifest.xml:21:17-33
38        </activity>
39        <activity
39-->src\main\AndroidManifest.xml:30:9-36:20
40            android:name="com.playMatch.ui.signUp.MatchSignUpActivity"
40-->src\main\AndroidManifest.xml:31:13-58
41            android:exported="false" >
41-->src\main\AndroidManifest.xml:32:13-37
42            <meta-data
42-->src\main\AndroidManifest.xml:19:13-21:36
43                android:name="android.app.lib_name"
43-->src\main\AndroidManifest.xml:20:17-52
44                android:value="" />
44-->src\main\AndroidManifest.xml:21:17-33
45        </activity>
46        <activity
46-->src\main\AndroidManifest.xml:37:9-43:20
47            android:name="com.playMatch.ui.signUp.SignUpActivity"
47-->src\main\AndroidManifest.xml:38:13-53
48            android:exported="false" >
48-->src\main\AndroidManifest.xml:39:13-37
49            <meta-data
49-->src\main\AndroidManifest.xml:19:13-21:36
50                android:name="android.app.lib_name"
50-->src\main\AndroidManifest.xml:20:17-52
51                android:value="" />
51-->src\main\AndroidManifest.xml:21:17-33
52        </activity>
53        <activity
53-->src\main\AndroidManifest.xml:44:9-50:20
54            android:name="com.playMatch.ui.signUp.SelectSportActivity"
54-->src\main\AndroidManifest.xml:45:13-58
55            android:exported="false" >
55-->src\main\AndroidManifest.xml:46:13-37
56            <meta-data
56-->src\main\AndroidManifest.xml:19:13-21:36
57                android:name="android.app.lib_name"
57-->src\main\AndroidManifest.xml:20:17-52
58                android:value="" />
58-->src\main\AndroidManifest.xml:21:17-33
59        </activity>
60        <activity
60-->src\main\AndroidManifest.xml:51:9-57:20
61            android:name="com.playMatch.ui.signUp.AddProfileImageActivity"
61-->src\main\AndroidManifest.xml:52:13-62
62            android:exported="false" >
62-->src\main\AndroidManifest.xml:53:13-37
63            <meta-data
63-->src\main\AndroidManifest.xml:19:13-21:36
64                android:name="android.app.lib_name"
64-->src\main\AndroidManifest.xml:20:17-52
65                android:value="" />
65-->src\main\AndroidManifest.xml:21:17-33
66        </activity>
67        <activity
67-->src\main\AndroidManifest.xml:58:9-64:20
68            android:name="com.playMatch.ui.signUp.UserDetailActivity"
68-->src\main\AndroidManifest.xml:59:13-57
69            android:exported="false" >
69-->src\main\AndroidManifest.xml:60:13-37
70            <meta-data
70-->src\main\AndroidManifest.xml:19:13-21:36
71                android:name="android.app.lib_name"
71-->src\main\AndroidManifest.xml:20:17-52
72                android:value="" />
72-->src\main\AndroidManifest.xml:21:17-33
73        </activity>
74        <!-- <activity -->
75        <!-- android:name=".ui.signUp.SelectSportActivity" -->
76        <!-- android:exported="false"> -->
77        <!-- <meta-data -->
78        <!-- android:name="android.app.lib_name" -->
79        <!-- android:value="" /> -->
80        <!-- </activity> -->
81        <activity
81-->src\main\AndroidManifest.xml:72:9-78:20
82            android:name="com.playMatch.ui.login.LoginActivity"
82-->src\main\AndroidManifest.xml:73:13-51
83            android:exported="false" >
83-->src\main\AndroidManifest.xml:74:13-37
84            <meta-data
84-->src\main\AndroidManifest.xml:19:13-21:36
85                android:name="android.app.lib_name"
85-->src\main\AndroidManifest.xml:20:17-52
86                android:value="" />
86-->src\main\AndroidManifest.xml:21:17-33
87        </activity>
88        <activity
88-->src\main\AndroidManifest.xml:79:9-85:20
89            android:name="com.playMatch.ui.welcome.WelcomeActivity"
89-->src\main\AndroidManifest.xml:80:13-55
90            android:exported="false" >
90-->src\main\AndroidManifest.xml:81:13-37
91            <meta-data
91-->src\main\AndroidManifest.xml:19:13-21:36
92                android:name="android.app.lib_name"
92-->src\main\AndroidManifest.xml:20:17-52
93                android:value="" />
93-->src\main\AndroidManifest.xml:21:17-33
94        </activity>
95        <activity
95-->src\main\AndroidManifest.xml:86:9-98:20
96            android:name="com.playMatch.ui.splash.SplashActivity"
96-->src\main\AndroidManifest.xml:87:13-53
97            android:exported="true" >
97-->src\main\AndroidManifest.xml:88:13-36
98            <intent-filter>
98-->src\main\AndroidManifest.xml:89:13-93:29
99                <action android:name="android.intent.action.MAIN" />
99-->src\main\AndroidManifest.xml:90:17-69
99-->src\main\AndroidManifest.xml:90:25-66
100
101                <category android:name="android.intent.category.LAUNCHER" />
101-->src\main\AndroidManifest.xml:92:17-77
101-->src\main\AndroidManifest.xml:92:27-74
102            </intent-filter>
103
104            <meta-data
104-->src\main\AndroidManifest.xml:19:13-21:36
105                android:name="android.app.lib_name"
105-->src\main\AndroidManifest.xml:20:17-52
106                android:value="" />
106-->src\main\AndroidManifest.xml:21:17-33
107        </activity>
108
109        <provider
109-->[androidx.emoji2:emoji2:1.2.0] AndroidManifest.xml:24:9-32:20
110            android:name="androidx.startup.InitializationProvider"
110-->[androidx.emoji2:emoji2:1.2.0] AndroidManifest.xml:25:13-67
111            android:authorities="com.playMatch.androidx-startup"
111-->[androidx.emoji2:emoji2:1.2.0] AndroidManifest.xml:26:13-68
112            android:exported="false" >
112-->[androidx.emoji2:emoji2:1.2.0] AndroidManifest.xml:27:13-37
113            <meta-data
113-->[androidx.emoji2:emoji2:1.2.0] AndroidManifest.xml:29:13-31:52
114                android:name="androidx.emoji2.text.EmojiCompatInitializer"
114-->[androidx.emoji2:emoji2:1.2.0] AndroidManifest.xml:30:17-75
115                android:value="androidx.startup" />
115-->[androidx.emoji2:emoji2:1.2.0] AndroidManifest.xml:31:17-49
116            <meta-data
116-->[androidx.lifecycle:lifecycle-process:2.4.1] AndroidManifest.xml:31:13-33:52
117                android:name="androidx.lifecycle.ProcessLifecycleInitializer"
117-->[androidx.lifecycle:lifecycle-process:2.4.1] AndroidManifest.xml:32:17-78
118                android:value="androidx.startup" />
118-->[androidx.lifecycle:lifecycle-process:2.4.1] AndroidManifest.xml:33:17-49
119        </provider>
120    </application>
121
122</manifest>